#
# There is insufficient memory for the Java Runtime Environment to continue.
# Native memory allocation (malloc) failed to allocate 2048 bytes for Failed to allocate _fine_grain_entries.
# Possible reasons:
#   The system is out of physical RAM or swap space
#   The process is running with CompressedOops enabled, and the Java Heap may be blocking the growth of the native heap
# Possible solutions:
#   Reduce memory load on the system
#   Increase physical memory or swap space
#   Check if swap backing store is full
#   Decrease Java heap size (-Xmx/-Xms)
#   Decrease number of Java threads
#   Decrease Java thread stack sizes (-Xss)
#   Set larger code cache with -XX:ReservedCodeCacheSize=
# This output file may be truncated or incomplete.
#
#  Out of Memory Error (t:/workspace/open/src/hotspot/share/gc/g1/heapRegionRemSet.cpp:270), pid=18836, tid=22712
#
# JRE version:  (11.0.2+9) (build )
# Java VM: Java HotSpot(TM) 64-Bit Server VM (11.0.2+9-LTS, mixed mode, aot, sharing, tiered, compressed oops, g1 gc, windows-amd64)
# No core dump will be written. Minidumps are not enabled by default on client versions of Windows
#

---------------  S U M M A R Y ------------

Command Line: -Didea.launcher.port=14387 -Didea.launcher.bin.path=D:\TSoftware\IDEA_2018_01\IntelliJ IDEA 2018.1\bin -Dfile.encoding=UTF-8 com.intellij.rt.execution.application.AppMainV2 com.github.concurrency.aqs.CountDownLatchTest2

Host: Intel(R) Core(TM) i7-7700 CPU @ 3.60GHz, 8 cores, 15G,  Windows 10 , 64 bit Build 16299 (10.0.16299.431)
Time: Thu Jul  4 14:39:16 2019 ?D1¨²¡À¨º¡Á?¨º¡À?? elapsed time: 0 seconds (0d 0h 0m 0s)

---------------  T H R E A D  ---------------

Current thread (0x000002422599d000):  JavaThread "Unknown thread" [_thread_in_vm, id=22712, stack(0x0000006441f00000,0x0000006442000000)]

Stack: [0x0000006441f00000,0x0000006442000000]
Native frames: (J=compiled Java code, j=interpreted, Vv=VM code, C=native code)
V  [jvm.dll+0x63574a]
V  [jvm.dll+0x77326f]
V  [jvm.dll+0x77491a]
V  [jvm.dll+0x774fd3]
V  [jvm.dll+0x25e418]
V  [jvm.dll+0x366fe2]
V  [jvm.dll+0x363d75]
V  [jvm.dll+0x2f3844]
V  [jvm.dll+0x366436]
V  [jvm.dll+0x365d80]
V  [jvm.dll+0x2f19f8]
V  [jvm.dll+0x2f2b56]
V  [jvm.dll+0x74c817]
V  [jvm.dll+0x74df5f]
V  [jvm.dll+0x373179]
V  [jvm.dll+0x732eb9]
V  [jvm.dll+0x3e295d]
V  [jvm.dll+0x3e4c61]
C  [java.exe+0x3607]
C  [java.exe+0x178dc]
C  [KERNEL32.DLL+0x11fe4]
C  [ntdll.dll+0x6cb31]


---------------  P R O C E S S  ---------------

Threads class SMR info:
_java_thread_list=0x000002422589a790, length=0, elements={
}

Java Threads: ( => current thread )

Other Threads:
  0x00000242259b2800 GCTaskThread "GC Thread#0" [stack: 0x0000006442000000,0x0000006442100000] [id=13556]
  0x0000024225a10800 ConcurrentGCThread "G1 Main Marker" [stack: 0x0000006442100000,0x0000006442200000] [id=7460]
  0x0000024225a13000 ConcurrentGCThread "G1 Conc#0" [stack: 0x0000006442200000,0x0000006442300000] [id=19972]

[error occurred during error reporting (printing all threads), id 0xc0000005, EXCEPTION_ACCESS_VIOLATION (0xc0000005) at pc=0x00007ffbd63e0197]

VM state:not at safepoint (not fully initialized)

VM Mutex/Monitor currently owned by a thread:  ([mutex/lock_event])
[0x000002422599c4a0] Heap_lock - owner thread: 0x000002422599d000

Heap address: 0x0000000702000000, size: 4064 MB, Compressed Oops mode: Non-zero based: 0x0000000702000000
Narrow klass base: 0x0000000000000000, Narrow klass shift: 0

GC Heap History (0 events):
No events

Deoptimization events (0 events):
No events

Classes redefined (0 events):
No events

Internal exceptions (0 events):
No events

Events (0 events):
No events


Dynamic libraries:
0x00007ff636a30000 - 0x00007ff636a77000 	E:\jdk-11.0.2\bin\java.exe
0x00007ffbff580000 - 0x00007ffbff760000 	C:\Windows\SYSTEM32\ntdll.dll
0x00007ffbff110000 - 0x00007ffbff1be000 	C:\Windows\System32\KERNEL32.DLL
0x00007ffbfc7e0000 - 0x00007ffbfca46000 	C:\Windows\System32\KERNELBASE.dll
0x00007ffbfcb70000 - 0x00007ffbfcc11000 	C:\Windows\System32\ADVAPI32.dll
0x00007ffbfcf90000 - 0x00007ffbfd02d000 	C:\Windows\System32\msvcrt.dll
0x00007ffbfcc20000 - 0x00007ffbfcc7b000 	C:\Windows\System32\sechost.dll
0x00007ffbfca50000 - 0x00007ffbfcb6f000 	C:\Windows\System32\RPCRT4.dll
0x00007ffbff3c0000 - 0x00007ffbff54f000 	C:\Windows\System32\USER32.dll
0x00007ffbfc7c0000 - 0x00007ffbfc7e0000 	C:\Windows\System32\win32u.dll
0x00007ffbfda40000 - 0x00007ffbfda68000 	C:\Windows\System32\GDI32.dll
0x00007ffbfc220000 - 0x00007ffbfc3b3000 	C:\Windows\System32\gdi32full.dll
0x00007ffbfc5f0000 - 0x00007ffbfc68b000 	C:\Windows\System32\msvcp_win.dll
0x00007ffbfb980000 - 0x00007ffbfba76000 	C:\Windows\System32\ucrtbase.dll
0x00007ffbee080000 - 0x00007ffbee2e9000 	C:\Windows\WinSxS\amd64_microsoft.windows.common-controls_6595b64144ccf1df_6.0.16299.492_none_15c8d3609364b9b0\COMCTL32.dll
0x00007ffbed7b0000 - 0x00007ffbed7ba000 	C:\Windows\SYSTEM32\VERSION.dll
0x00007ffbfcc80000 - 0x00007ffbfcf87000 	C:\Windows\System32\combase.dll
0x00007ffbfc740000 - 0x00007ffbfc7b2000 	C:\Windows\System32\bcryptPrimitives.dll
0x00007ffbfef30000 - 0x00007ffbfef5d000 	C:\Windows\System32\IMM32.DLL
0x00007ffbf8630000 - 0x00007ffbf8646000 	E:\jdk-11.0.2\bin\vcruntime140.dll
0x00007ffbeb590000 - 0x00007ffbeb63a000 	E:\jdk-11.0.2\bin\msvcp140.dll
0x00007ffbd60e0000 - 0x00007ffbd6c07000 	E:\jdk-11.0.2\bin\server\jvm.dll
0x00007ffbff100000 - 0x00007ffbff108000 	C:\Windows\System32\PSAPI.DLL
0x00007ffbf9d70000 - 0x00007ffbf9d79000 	C:\Windows\SYSTEM32\WSOCK32.dll
0x00007ffbf9cc0000 - 0x00007ffbf9ce3000 	C:\Windows\SYSTEM32\WINMM.dll
0x00007ffbfd7f0000 - 0x00007ffbfd85c000 	C:\Windows\System32\WS2_32.dll
0x00007ffbf9b50000 - 0x00007ffbf9b7a000 	C:\Windows\SYSTEM32\winmmbase.dll
0x00007ffbfba80000 - 0x00007ffbfbaca000 	C:\Windows\System32\cfgmgr32.dll
0x00007ffbfb8f0000 - 0x00007ffbfb901000 	C:\Windows\System32\kernel.appcore.dll
0x00007ffbf81f0000 - 0x00007ffbf8201000 	E:\jdk-11.0.2\bin\verify.dll
0x00007ffbf00f0000 - 0x00007ffbf02b8000 	C:\Windows\SYSTEM32\DBGHELP.DLL
0x00007ffbf00c0000 - 0x00007ffbf00e9000 	C:\Windows\SYSTEM32\dbgcore.DLL
0x00007ffbf81c0000 - 0x00007ffbf81e9000 	E:\jdk-11.0.2\bin\java.dll
0x00007ffbf81a0000 - 0x00007ffbf81b6000 	E:\jdk-11.0.2\bin\zip.dll
0x00007ffbf9d80000 - 0x00007ffbf9d8a000 	E:\jdk-11.0.2\bin\jimage.dll

dbghelp: loaded successfully - version: 4.0.5 - missing functions: none
symbol engine: initialized successfully - sym options: 0x614 - pdb path: .;E:\jdk-11.0.2\bin;C:\Windows\SYSTEM32;C:\Windows\WinSxS\amd64_microsoft.windows.common-controls_6595b64144ccf1df_6.0.16299.492_none_15c8d3609364b9b0;E:\jdk-11.0.2\bin\server

VM Arguments:
jvm_args: -Didea.launcher.port=14387 -Didea.launcher.bin.path=D:\TSoftware\IDEA_2018_01\IntelliJ IDEA 2018.1\bin -Dfile.encoding=UTF-8 
java_command: com.intellij.rt.execution.application.AppMainV2 com.github.concurrency.aqs.CountDownLatchTest2
java_class_path (initial): C:\Users\Ninee\Desktop\utils\target\classes;C:\maven_repository\org\springframework\boot\spring-boot-starter\2.1.0.RELEASE\spring-boot-starter-2.1.0.RELEASE.jar;C:\maven_repository\org\springframework\boot\spring-boot\2.1.0.RELEASE\spring-boot-2.1.0.RELEASE.jar;C:\maven_repository\org\springframework\spring-context\5.1.2.RELEASE\spring-context-5.1.2.RELEASE.jar;C:\maven_repository\org\springframework\boot\spring-boot-autoconfigure\2.1.0.RELEASE\spring-boot-autoconfigure-2.1.0.RELEASE.jar;C:\maven_repository\org\springframework\boot\spring-boot-starter-logging\2.1.0.RELEASE\spring-boot-starter-logging-2.1.0.RELEASE.jar;C:\maven_repository\ch\qos\logback\logback-classic\1.2.3\logback-classic-1.2.3.jar;C:\maven_repository\ch\qos\logback\logback-core\1.2.3\logback-core-1.2.3.jar;C:\maven_repository\org\apache\logging\log4j\log4j-to-slf4j\2.11.1\log4j-to-slf4j-2.11.1.jar;C:\maven_repository\org\apache\logging\log4j\log4j-api\2.11.1\log4j-api-2.11.1.jar;C:\maven_repository\org\slf4j\jul-to-slf4j\1.7.25\jul-to-slf4j-1.7.25.jar;C:\maven_repository\javax\annotation\javax.annotation-api\1.3.2\javax.annotation-api-1.3.2.jar;C:\maven_repository\org\springframework\spring-core\5.1.2.RELEASE\spring-core-5.1.2.RELEASE.jar;C:\maven_repository\org\springframework\spring-jcl\5.1.2.RELEASE\spring-jcl-5.1.2.RELEASE.jar;C:\maven_repository\org\yaml\snakeyaml\1.23\snakeyaml-1.23.jar;C:\maven_repository\org\slf4j\slf4j-api\1.7.25\slf4j-api-1.7.25.jar;C:\maven_repository\org\hamcrest\hamcrest-core\1.3\hamcrest-core-1.3.jar;C:\maven_repository\org\apache\poi\poi\3.17\poi-3.17.jar;C:\maven_repository\commons-codec\commons-codec\1.11\commons-codec-1.11.jar;C:\maven_repository\org\apache\commons\commons-collections4\4.1\commons-collections4-4.1.jar;C:\maven_repository\org\apache\poi\poi-ooxml\3.17\poi-ooxml-3.17.jar;C:\maven_repository\org\apache\poi\poi-ooxml-schemas\3.17\poi-ooxml-schemas-3.17.jar;C:\maven_repository\org\apache\xmlbeans\xmlbeans\2.6.0\xmlbeans-2.
Launcher Type: SUN_STANDARD

[Global flags]
     intx CICompilerCount                          = 4                                         {product} {ergonomic}
     uint ConcGCThreads                            = 2                                         {product} {ergonomic}
     uint G1ConcRefinementThreads                  = 8                                         {product} {ergonomic}
   size_t G1HeapRegionSize                         = 1048576                                   {product} {ergonomic}
    uintx GCDrainStackTargetSize                   = 64                                        {product} {ergonomic}
   size_t InitialHeapSize                          = 266338304                                 {product} {ergonomic}
   size_t MarkStackSize                            = 4194304                                   {product} {ergonomic}
   size_t MaxHeapSize                              = 4261412864                                {product} {ergonomic}
   size_t MinHeapDeltaBytes                        = 1048576                                   {product} {ergonomic}
    uintx NonNMethodCodeHeapSize                   = 5835340                                {pd product} {ergonomic}
    uintx NonProfiledCodeHeapSize                  = 122911450                              {pd product} {ergonomic}
    uintx ProfiledCodeHeapSize                     = 122911450                              {pd product} {ergonomic}
    uintx ReservedCodeCacheSize                    = 251658240                              {pd product} {ergonomic}
     bool SegmentedCodeCache                       = true                                      {product} {ergonomic}
     bool UseCompressedClassPointers               = true                                 {lp64_product} {ergonomic}
     bool UseCompressedOops                        = true                                 {lp64_product} {ergonomic}
     bool UseG1GC                                  = true                                      {product} {ergonomic}
     bool UseLargePagesIndividualAllocation        = false                                  {pd product} {ergonomic}

Logging:
Log output configuration:
 #0: stdout all=warning uptime,level,tags
 #1: stderr all=off uptime,level,tags

Environment Variables:
JAVA_HOME=D:\TSoftware\jdk8_161
CLASSPATH=.;D:\TSoftware\jdk8_161\lib\dt.jar;D:\TSoftware\jdk8_161\lib\tools.jar
PATH=C:\Program Files (x86)\NetSarang\Xshell 6\;C:\Windows\system32;C:\Windows;C:\Windows\System32\Wbem;C:\Windows\System32\WindowsPowerShell\v1.0\;C:\Program Files\Git\cmd;C:\Program Files\MySQL\MySQL Utilities 1.6\;C:\Program Files\TortoiseGit\bin;"D:\TSoftware\jdk8_161\bin;D:\TSoftware\jdk8_161\jre\bin";D:\TSoftware\apache-maven-3.5.0\bin;F:\010 Editor;C:\Program Files\PuTTY\;D:\Go\bin;D:\TSoftware\jdk8_161\bin;D:\TSoftware\jdk8_161\jre\bin;C:\Users\Ninee\go\bin
USERNAME=Ninee
OS=Windows_NT
PROCESSOR_IDENTIFIER=Intel64 Family 6 Model 158 Stepping 9, GenuineIntel



---------------  S Y S T E M  ---------------

OS: Windows 10 , 64 bit Build 16299 (10.0.16299.431)

CPU:total 8 (initial active 8) (4 cores per cpu, 2 threads per core) family 6 model 158 stepping 9, cmov, cx8, fxsr, mmx, sse, sse2, sse3, ssse3, sse4.1, sse4.2, popcnt, avx, avx2, aes, clmul, erms, rtm, 3dnowpref, lzcnt, ht, tsc, tscinvbit, bmi1, bmi2, adx, fma

Memory: 4k page, system-wide physical 16254M (5905M free)
TotalPageFile size 17569M (AvailPageFile size 0M)
current process WorkingSet (physical memory assigned to process): 20M, peak: 20M
current process commit charge ("private bytes"): 325M, peak: 325M

vm_info: Java HotSpot(TM) 64-Bit Server VM (11.0.2+9-LTS) for windows-amd64 JRE (11.0.2+9-LTS), built on Jan 18 2019 05:24:10 by "mach5one" with MS VC++ 15.5 (VS2017)

END.
